<?xml version="1.0" encoding="UTF-8"?>
<!-- Generated by org.testng.reporters.JUnitXMLReporter -->
<testsuite ignored="0" hostname="GANESH" failures="0" tests="7" name="Test" time="155.304" errors="0" timestamp="2024-12-29T07:34:06 IST">
  <testcase classname="tests.TS_001_SignUpTest" name="SignUpToContactList" time="7.958"/>
  <testcase classname="tests.TS_002_LoginTest" name="login" time="4.331"/>
  <testcase classname="tests.TS_003_ContactAdditionTest" name="addContact" time="27.589"/>
  <testcase classname="tests.TS_004_ContactDisplayTest" name="seeContactDetails" time="32.725"/>
  <testcase classname="tests.TS_005_ContactEditingTest" name="editContact" time="15.665"/>
  <testcase classname="tests.TS_006_ContactDeletionTest" name="deleteContact" time="30.217"/>
  <testcase classname="tests.TS_007_LogoutTest" name="logoutfunctionality" time="11.045"/>
</testsuite> <!-- Test -->
